SF:lib\app\controllers\signup_controller.dart
DA:11,1
DA:12,1
DA:15,1
DA:16,1
DA:21,1
DA:22,3
DA:23,1
DA:27,3
DA:29,1
DA:33,3
DA:34,0
DA:38,3
DA:39,0
DA:46,1
DA:47,2
DA:48,2
DA:49,2
LF:17
LH:15
end_of_record
SF:lib\app\controllers\login_controller.dart
DA:9,0
DA:10,0
DA:13,0
DA:14,0
DA:19,0
DA:20,0
DA:21,0
DA:25,0
DA:26,0
DA:33,0
DA:34,0
DA:35,0
LF:12
LH:0
end_of_record
SF:lib\core\utils\helpers\custom_helpers.dart
DA:6,1
DA:7,2
DA:9,0
DA:11,0
LF:4
LH:2
end_of_record
SF:lib\core\utils\extensions\email_validator.dart
DA:2,1
DA:3,2
LF:2
LH:2
end_of_record
